# JRE version: OpenJDK Runtime Environment (8.0_242-b01) (build 1.8.0_242-release-1644-b01)
# Java VM: OpenJDK 64-Bit Server VM (25.242-b01 mixed mode windows-amd64 compressed oops)
Heap:
 PSYoungGen      total 37888K, used 5243K [0x00000000d6000000, 0x00000000d8a00000, 0x0000000100000000)
  eden space 32768K, 16% used [0x00000000d6000000,0x00000000d651ed90,0x00000000d8000000)
  from space 5120K, 0% used [0x00000000d8000000,0x00000000d8000000,0x00000000d8500000)
  to   space 5120K, 0% used [0x00000000d8500000,0x00000000d8500000,0x00000000d8a00000)
 ParOldGen       total 61440K, used 2104K [0x0000000082000000, 0x0000000085c00000, 0x00000000d6000000)
  object space 61440K, 3% used [0x0000000082000000,0x000000008220e328,0x0000000085c00000)
 Metaspace       used 6680K, capacity 6942K, committed 7168K, reserved 1058816K
  class space    used 805K, capacity 909K, committed 1024K, reserved 1048576K
GC Heap History (4 events):
Event: 1.306 GC heap before
{Heap before GC invocations=1 (full 0):
 PSYoungGen      total 37888K, used 15783K [0x00000000d6000000, 0x00000000d8a00000, 0x0000000100000000)
  eden space 32768K, 48% used [0x00000000d6000000,0x00000000d6f69d60,0x00000000d8000000)
  from space 5120K, 0% used [0x00000000d8500000,0x00000000d8500000,0x00000000d8a00000)
  to   space 5120K, 0% used [0x00000000d8000000,0x00000000d8000000,0x00000000d8500000)
 ParOldGen       total 86016K, used 0K [0x0000000082000000, 0x0000000087400000, 0x00000000d6000000)
  object space 86016K, 0% used [0x0000000082000000,0x0000000082000000,0x0000000087400000)
 Metaspace       used 5842K, capacity 6110K, committed 6272K, reserved 1060864K
  class space    used 668K, capacity 781K, committed 896K, reserved 1048576K
Event: 1.311 GC heap after
Heap after GC invocations=1 (full 0):
 PSYoungGen      total 37888K, used 2201K [0x00000000d6000000, 0x00000000d8a00000, 0x0000000100000000)
  eden space 32768K, 0% used [0x00000000d6000000,0x00000000d6000000,0x00000000d8000000)
  from space 5120K, 42% used [0x00000000d8000000,0x00000000d8226518,0x00000000d8500000)
  to   space 5120K, 0% used [0x00000000d8500000,0x00000000d8500000,0x00000000d8a00000)
 ParOldGen       total 86016K, used 8K [0x0000000082000000, 0x0000000087400000, 0x00000000d6000000)
  object space 86016K, 0% used [0x0000000082000000,0x0000000082002000,0x0000000087400000)
 Metaspace       used 5842K, capacity 6110K, committed 6272K, reserved 1060864K
  class space    used 668K, capacity 781K, committed 896K, reserved 1048576K
}
Event: 1.311 GC heap before
{Heap before GC invocations=2 (full 1):
 PSYoungGen      total 37888K, used 2201K [0x00000000d6000000, 0x00000000d8a00000, 0x0000000100000000)
  eden space 32768K, 0% used [0x00000000d6000000,0x00000000d6000000,0x00000000d8000000)
  from space 5120K, 42% used [0x00000000d8000000,0x00000000d8226518,0x00000000d8500000)
  to   space 5120K, 0% used [0x00000000d8500000,0x00000000d8500000,0x00000000d8a00000)
 ParOldGen       total 86016K, used 8K [0x0000000082000000, 0x0000000087400000, 0x00000000d6000000)
  object space 86016K, 0% used [0x0000000082000000,0x0000000082002000,0x0000000087400000)
 Metaspace       used 5842K, capacity 6110K, committed 6272K, reserved 1060864K
  class space    used 668K, capacity 781K, committed 896K, reserved 1048576K
Event: 1.329 GC heap after
Heap after GC invocations=2 (full 1):
 PSYoungGen      total 37888K, used 0K [0x00000000d6000000, 0x00000000d8a00000, 0x0000000100000000)
  eden space 32768K, 0% used [0x00000000d6000000,0x00000000d6000000,0x00000000d8000000)
  from space 5120K, 0% used [0x00000000d8000000,0x00000000d8000000,0x00000000d8500000)
  to   space 5120K, 0% used [0x00000000d8500000,0x00000000d8500000,0x00000000d8a00000)
 ParOldGen       total 61440K, used 2104K [0x0000000082000000, 0x0000000085c00000, 0x00000000d6000000)
  object space 61440K, 3% used [0x0000000082000000,0x000000008220e328,0x0000000085c00000)
 Metaspace       used 5842K, capacity 6110K, committed 6272K, reserved 1058816K
  class space    used 668K, capacity 781K, committed 896K, reserved 1048576K
}

